<?xml version="1.0" encoding="UTF-8"?>
<testng-results skipped="0" failed="0" ignored="0" total="1" passed="1">
  <reporter-output>
  </reporter-output>
  <suite name="Default suite" duration-ms="21788" started-at="2020-03-10T21:14:04Z" finished-at="2020-03-10T21:14:26Z">
    <groups>
    </groups>
    <test name="Default test" duration-ms="21788" started-at="2020-03-10T21:14:04Z" finished-at="2020-03-10T21:14:26Z">
      <class name="com.verizon.tests.verifyCartTest">
        <test-method status="PASS" signature="setUp()[pri:0, instance:com.verizon.tests.verifyCartTest@3e6fa38a]" name="setUp" is-config="true" duration-ms="21134" started-at="2020-03-10T21:14:04Z" finished-at="2020-03-10T21:14:25Z">
          <reporter-output>
          </reporter-output>
        </test-method> <!-- setUp -->
        <test-method status="PASS" signature="verifyName()[pri:1, instance:com.verizon.tests.verifyCartTest@3e6fa38a]" name="verifyName" duration-ms="472" started-at="2020-03-10T21:14:25Z" finished-at="2020-03-10T21:14:25Z">
          <reporter-output>
          </reporter-output>
        </test-method> <!-- verifyName -->
        <test-method status="PASS" signature="tearDown()[pri:0, instance:com.verizon.tests.verifyCartTest@3e6fa38a]" name="tearDown" is-config="true" duration-ms="154" started-at="2020-03-10T21:14:25Z" finished-at="2020-03-10T21:14:26Z">
          <reporter-output>
          </reporter-output>
        </test-method> <!-- tearDown -->
      </class> <!-- com.verizon.tests.verifyCartTest -->
    </test> <!-- Default test -->
  </suite> <!-- Default suite -->
</testng-results>
